2025-01-02 15:59:24,027.027 [   MainThread] INFO:     main | Pinged your deployment. You successfully connected to MongoDB!
2025-01-02 15:59:24,882.882 [   MainThread] INFO:     main | Pinged your deployment. You successfully connected to MongoDB!
2025-01-02 15:59:37,124.124 [Thread-2 (process_request_thread)] INFO:     main | Extracted appointment information: {'customer_name': 'Dixit', 'attendee_emails': ['dixxkhunt@gmail.com', 'dixit.hk74@gmail.com'], 'service': 'house cleaning', 'start_time': '2025-01-02 12:00'}
2025-01-02 15:59:37,159.159 [Thread-2 (process_request_thread)] INFO:     main | Available slots: [{'_id': ObjectId('67746be41426e387ab7cae4a'), 'date': '2025-01-01', 'available_slots': [{'start_time': '13:00', 'end_time': '14:00', 'service': '', 'is_booked': False, 'customer_name': ''}]}]
2025-01-02 16:00:17,126.126 [Thread-5 (process_request_thread)] INFO:     main | Engineered Prompt: 
        You are an AI receptionist that can answer queries related to business information and appointment scheduling.
        The AI receptionist can handle the following intents:
        - service
        - operating_hours
        - appointment_scheduling
        - contact_information
        - None

        Identify the intent of the following prompt, just specify a list of intents:
        "what are the hours of operation, services and contact information of spaceo"
    
2025-01-02 16:00:17,871.871 [Thread-5 (process_request_thread)] INFO:     main | Generated Response: [operating_hours, service, contact_information]

2025-01-02 16:00:17,871.871 [Thread-5 (process_request_thread)] INFO:     main | Intent: ['service', 'operating_hours', 'contact_information']
2025-01-02 16:00:17,878.878 [Thread-5 (process_request_thread)] INFO:     main | Engineered Prompt: 
        You are an assistant that generates MongoDB aggregation pipeline for python pymongo library to be used directly in find() method based on natural language descriptions.
        The MongoDB collection has the following structure:
        - `name`: String
        - `operating_hours`: String
        - `contact_info`: String
        - `services`: Array of objects, each with the following structure `name`: String, `description`: String, and `price`: Double.

        Convert the following natural language query into a MongoDB aggregation pipeline, do not include any additional information, comments, function calls etc, and make sure that you use double quotes, and fetch all the fields:
        "what are the hours of operation, services and contact information of spaceo"
    
2025-01-02 16:00:19,601.601 [Thread-5 (process_request_thread)] INFO:     main | Generated Query: [
    {
        "$match": {
            "name": "spaceo"
        }
    },
    {
        "$project": {
            "_id": 0,
            "operating_hours": 1,
            "services": 1,
            "contact_info": 1,
             "name": 1
        }
    }
]
2025-01-02 16:00:19,634.634 [Thread-5 (process_request_thread)] INFO:     main | Results: [{'name': 'spaceo', 'services': [{'name': 'IT', 'description': 'solve real world problems', 'price': 100}, {'name': 'cooking', 'description': 'cooking projects', 'price': 80.435}], 'operating_hours': '24H', 'contact_info': '777777777777'}]
2025-01-02 16:00:19,737.737 [Thread-5 (process_request_thread)] INFO:     main | Final Results: ['spaceo offers IT at a price of $100. solve real world problems', 'spaceo offers cooking at a price of $80.435. cooking projects', "spaceo's hours of operation are 24H.", "spaceo's contact information is 777777777777"]
2025-01-02 16:01:28,338.338 [   MainThread] INFO:     main | Pinged your deployment. You successfully connected to MongoDB!
2025-01-02 16:01:28,399.399 [Thread-2 (process_request_thread)] INFO:     main | Engineered Prompt: 
        You are an AI receptionist that can answer queries related to business information and appointment scheduling.
        The AI receptionist can handle the following intents:
        - service
        - operating_hours
        - appointment_scheduling
        - contact_information
        - None

        Identify the intent of the following prompt, just specify a list of intents:
        "what are the hours of operation, services and contact information of spaceo"
    
2025-01-02 16:01:33,166.166 [Thread-2 (process_request_thread)] INFO:     main | Intent: ['service', 'operating_hours', 'contact_information']
2025-01-02 16:01:33,208.208 [Thread-2 (process_request_thread)] INFO:     main | Engineered Prompt: 
        You are an assistant that generates MongoDB aggregation pipeline for python pymongo library to be used directly in find() method based on natural language descriptions.
        The MongoDB collection has the following structure:
        - `name`: String
        - `operating_hours`: String
        - `contact_info`: String
        - `services`: Array of objects, each with the following structure `name`: String, `description`: String, and `price`: Double.

        Convert the following natural language query into a MongoDB aggregation pipeline, do not include any additional information, comments, function calls etc, and make sure that you use double quotes, and fetch all the fields:
        "what are the hours of operation, services and contact information of spaceo"
    
2025-01-02 16:01:35,001.001 [Thread-2 (process_request_thread)] INFO:     main | Results: [{'name': 'spaceo', 'services': [{'name': 'IT', 'description': 'solve real world problems', 'price': 100}, {'name': 'cooking', 'description': 'cooking projects', 'price': 80.435}], 'operating_hours': '24H', 'contact_info': '777777777777'}]
2025-01-02 16:01:35,081.081 [Thread-2 (process_request_thread)] INFO:     main | Final Results: ['spaceo offers IT at a price of $100. solve real world problems', 'spaceo offers cooking at a price of $80.435. cooking projects', "spaceo's hours of operation are 24H.", "spaceo's contact information is 777777777777"]
2025-01-02 16:02:13,092.092 [   MainThread] INFO:     main | Pinged your deployment. You successfully connected to MongoDB!
2025-01-02 16:02:13,191.191 [Thread-2 (process_request_thread)] INFO:     main | Engineered Prompt: 
        You are an AI receptionist that can answer queries related to business information and appointment scheduling.
        The AI receptionist can handle the following intents:
        - service
        - operating_hours
        - appointment_scheduling
        - contact_information
        - None

        Identify the intent of the following prompt, just specify a list of intents:
        "what are the hours of operation, services and contact information of spaceo"
    
2025-01-02 16:02:19,168.168 [Thread-2 (process_request_thread)] DEBUG:     main | Generated Response: ```
[operating_hours, service, contact_information]
```

2025-01-02 16:02:19,168.168 [Thread-2 (process_request_thread)] INFO:     main | Intent: ['service', 'operating_hours', 'contact_information']
2025-01-02 16:02:19,170.170 [Thread-2 (process_request_thread)] INFO:     main | Engineered Prompt: 
        You are an assistant that generates MongoDB aggregation pipeline for python pymongo library to be used directly in find() method based on natural language descriptions.
        The MongoDB collection has the following structure:
        - `name`: String
        - `operating_hours`: String
        - `contact_info`: String
        - `services`: Array of objects, each with the following structure `name`: String, `description`: String, and `price`: Double.

        Convert the following natural language query into a MongoDB aggregation pipeline, do not include any additional information, comments, function calls etc, and make sure that you use double quotes, and fetch all the fields:
        "what are the hours of operation, services and contact information of spaceo"
    
2025-01-02 16:02:20,432.432 [Thread-2 (process_request_thread)] DEBUG:     main | Generated Query: [
    {
        "$match": {
            "name": "spaceo"
        }
    },
    {
        "$project": {
            "_id": 0,
            "operating_hours": 1,
            "services": 1,
            "contact_info": 1,
             "name": 1
        }
    }
]
2025-01-02 16:02:20,463.463 [Thread-2 (process_request_thread)] INFO:     main | Results: [{'name': 'spaceo', 'services': [{'name': 'IT', 'description': 'solve real world problems', 'price': 100}, {'name': 'cooking', 'description': 'cooking projects', 'price': 80.435}], 'operating_hours': '24H', 'contact_info': '777777777777'}]
2025-01-02 16:02:20,543.543 [Thread-2 (process_request_thread)] INFO:     main | Final Results: ['spaceo offers IT at a price of $100. solve real world problems', 'spaceo offers cooking at a price of $80.435. cooking projects', "spaceo's hours of operation are 24H.", "spaceo's contact information is 777777777777"]
2025-01-02 16:03:13,241.241 [   MainThread] INFO:     main | Pinged your deployment. You successfully connected to MongoDB!
2025-01-02 16:03:30,829.829 [   MainThread] INFO:     main | Pinged your deployment. You successfully connected to MongoDB!
2025-01-02 16:03:32,602.602 [Thread-2 (process_request_thread)] INFO:     main | Engineered Prompt: 
        You are an AI receptionist that can answer queries related to business information and appointment scheduling.
        The AI receptionist can handle the following intents:
        - service
        - operating_hours
        - appointment_scheduling
        - contact_information
        - None

        Identify the intent of the following prompt, just specify a list of intents:
        "what are the hours of operation, services and contact information of spaceo"
    
2025-01-02 16:03:37,001.001 [Thread-2 (process_request_thread)] DEBUG:     main | Generated Response: [operating_hours, service, contact_information]

2025-01-02 16:03:37,001.001 [Thread-2 (process_request_thread)] INFO:     main | Intent: ['service', 'operating_hours', 'contact_information']
2025-01-02 16:03:37,004.004 [Thread-2 (process_request_thread)] INFO:     main | Engineered Prompt: 
        You are an assistant that generates MongoDB aggregation pipeline for python pymongo library to be used directly in find() method based on natural language descriptions.
        The MongoDB collection has the following structure:
        - `name`: String
        - `operating_hours`: String
        - `contact_info`: String
        - `services`: Array of objects, each with the following structure `name`: String, `description`: String, and `price`: Double.

        Convert the following natural language query into a MongoDB aggregation pipeline, do not include any additional information, comments, function calls etc, and make sure that you use double quotes, and fetch all the fields:
        "what are the hours of operation, services and contact information of spaceo"
    
2025-01-02 16:03:38,674.674 [Thread-2 (process_request_thread)] DEBUG:     main | Generated Query: [
    {
        "$match": {
            "name": "spaceo"
        }
    },
    {
        "$project": {
            "_id": 0,
            "operating_hours": 1,
            "services": 1,
            "contact_info": 1,
            "name": 1
        }
    }
]
2025-01-02 16:03:38,703.703 [Thread-2 (process_request_thread)] DEBUG:     main | Query Results: [{'name': 'spaceo', 'services': [{'name': 'IT', 'description': 'solve real world problems', 'price': 100}, {'name': 'cooking', 'description': 'cooking projects', 'price': 80.435}], 'operating_hours': '24H', 'contact_info': '777777777777'}]
2025-01-02 16:03:38,791.791 [Thread-2 (process_request_thread)] INFO:     main | Return response: ['spaceo offers IT at a price of $100. solve real world problems', 'spaceo offers cooking at a price of $80.435. cooking projects', "spaceo's hours of operation are 24H.", "spaceo's contact information is 777777777777"]
2025-01-02 16:09:13,515.515 [   MainThread] INFO:     main | Pinged your deployment. You successfully connected to MongoDB!
2025-01-02 16:09:14,300.300 [   MainThread] INFO:     main | Pinged your deployment. You successfully connected to MongoDB!
2025-01-02 16:09:27,022.022 [   MainThread] INFO:     main | Pinged your deployment. You successfully connected to MongoDB!
2025-01-02 16:09:27,951.951 [   MainThread] INFO:     main | Pinged your deployment. You successfully connected to MongoDB!
2025-01-02 16:13:30,570.570 [Thread-2 (process_request_thread)] INFO:     main | Engineered Prompt: 
        You are an AI receptionist that can answer queries related to business information and appointment scheduling.
        The AI receptionist can handle the following intents:
        - service
        - operating_hours
        - appointment_scheduling
        - contact_information
        - None

        Identify the intent of the following prompt, just specify a list of intents:
        "what are the available slots that I can book"
    
2025-01-02 16:13:35,062.062 [Thread-2 (process_request_thread)] DEBUG:     main | Generated Response: [appointment_scheduling]

2025-01-02 16:13:35,063.063 [Thread-2 (process_request_thread)] INFO:     main | Intent: []
2025-01-02 16:18:36,426.426 [   MainThread] INFO:     main | Pinged your deployment. You successfully connected to MongoDB!
2025-01-02 16:18:43,846.846 [Thread-2 (process_request_thread)] INFO:     main | Engineered Prompt: 
        You are an AI receptionist that can answer queries related to business information and appointment scheduling.
        The AI receptionist can handle the following intents:
        - service
        - operating_hours
        - appointment_scheduling
        - contact_information
        - None

        Identify the intent of the following prompt, just specify a list of intents:
        "what are the available slots that I can book"
    
2025-01-02 16:18:49,788.788 [Thread-2 (process_request_thread)] DEBUG:     main | Generated Response: ['appointment_scheduling']

2025-01-02 16:18:49,789.789 [Thread-2 (process_request_thread)] INFO:     main | Intent: []
2025-01-02 16:19:46,647.647 [   MainThread] INFO:     main | Pinged your deployment. You successfully connected to MongoDB!
2025-01-02 16:19:47,378.378 [   MainThread] INFO:     main | Pinged your deployment. You successfully connected to MongoDB!
2025-01-02 16:19:48,910.910 [Thread-2 (process_request_thread)] INFO:     main | Engineered Prompt: 
        You are an AI receptionist that can answer queries related to business information and appointment scheduling.
        The AI receptionist can handle the following intents:
        - service
        - operating_hours
        - appointment_scheduling
        - contact_information
        - None

        Identify the intent of the following prompt, just specify a list of intents:
        "what are the available slots that I can book"
    
2025-01-02 16:19:54,655.655 [Thread-2 (process_request_thread)] DEBUG:     main | Generated Response: [appointment_scheduling]

2025-01-02 16:19:54,655.655 [Thread-2 (process_request_thread)] INFO:     main | Intent: []
2025-01-02 16:19:56,819.819 [Thread-2 (process_request_thread)] DEBUG:     main | Extracted data: Please provide me with the available slots information. I need the text containing the slots, customer names, emails, service and start times in order to extract the data and create the JSON object for you. 

For example, you could give me something like this:

"Okay, here are the slots:

* **Customer:** John Doe, **Email:** john.doe@example.com, **Service:** Haircut, **Start Time:** 2023-10-27 10:00
* **Customer:** Jane Smith, **Email:** jane.smith@example.com, **Service:** Manicure, **Start Time:** 2023-10-28 14:30
* **Customer:** David Lee, **Email:** david.lee@example.com, **Service:** Massage, **Start Time:** 2023-10-29 16:00"

Once you provide the text, I will extract the necessary information and format it into a JSON object.

2025-01-02 16:23:41,696.696 [   MainThread] INFO:     main | Pinged your deployment. You successfully connected to MongoDB!
2025-01-02 16:24:57,063.063 [   MainThread] INFO:     main | Pinged your deployment. You successfully connected to MongoDB!
2025-01-02 16:25:00,372.372 [   MainThread] INFO:     main | Pinged your deployment. You successfully connected to MongoDB!
2025-01-02 16:25:23,154.154 [   MainThread] INFO:     main | Pinged your deployment. You successfully connected to MongoDB!
2025-01-02 16:25:32,875.875 [Thread-2 (process_request_thread)] INFO:     main | Engineered Prompt: 
        You are an AI receptionist that can answer queries related to business information and appointment scheduling.
        The AI receptionist can handle the following intents:
        - service
        - operating_hours
        - appointment_scheduling
        - contact_information
        - None

        Identify the intent of the following prompt, just specify a list of intents:
        "what are the available slots that I can book"
    
2025-01-02 16:25:38,675.675 [Thread-2 (process_request_thread)] DEBUG:     main | Generated Response: [appointment_scheduling]

2025-01-02 16:25:38,676.676 [Thread-2 (process_request_thread)] INFO:     main | Intent: []
2025-01-02 16:25:38,720.720 [Thread-2 (process_request_thread)] INFO:     main | Engineered Prompt: 
                You are an AI receptionist that can answer queries related to appointment scheduling.
                The AI receptionist can handle the following intents:
                - checking_slot_availability
                - is_booking_slot
                - None

                Identify the intent of the following prompt, just specify a list of intents:
                "what are the available slots that I can book"
            
2025-01-02 16:25:39,811.811 [Thread-2 (process_request_thread)] DEBUG:     main | Generated Response: [checking_slot_availability]

2025-01-02 16:25:43,697.697 [Thread-2 (process_request_thread)] DEBUG:     main | Extracted data: Okay, I can help you extract that information, but I need you to provide the text containing the available slots. 

**I need the input text that lists the available slots before I can create the JSON object.**

For example, the input might look something like this:

```
Available slots for John Doe:
- Service: Consultation,  2024-03-15 10:00 AM PST, attendee_emails: john.doe@example.com, jane.doe@example.com
- Service: Therapy, 2024-03-16 2:00 PM PST, attendee_emails: john.doe@example.com
- Service:  Consultation, 2024-03-17 11:30 AM PST, attendee_emails:john.doe@example.com, test.user@test.com
```

**Once you provide the input text, I will process it and output a JSON object like this:**

```json
[
  {
    "customer_name": "John Doe",
    "attendee_emails": ["john.doe@example.com", "jane.doe@example.com"],
    "service": "Consultation",
    "start_time": "2024-03-15 10:00"
  },
   {
    "customer_name": "John Doe",
    "attendee_emails": ["john.doe@example.com"],
    "service": "Therapy",
     "start_time": "2024-03-16 14:00"
  },
  {
    "customer_name": "John Doe",
    "attendee_emails": ["john.doe@example.com", "test.user@test.com"],
    "service": "Consultation",
     "start_time":"2024-03-17 11:30"
  }
]
```

**Please provide the input text so I can generate the JSON output.**

2025-01-02 16:26:03,910.910 [   MainThread] INFO:     main | Pinged your deployment. You successfully connected to MongoDB!
2025-01-02 16:26:03,950.950 [Thread-2 (process_request_thread)] INFO:     main | Engineered Prompt: 
        You are an AI receptionist that can answer queries related to business information and appointment scheduling.
        The AI receptionist can handle the following intents:
        - service
        - operating_hours
        - appointment_scheduling
        - contact_information
        - None

        Identify the intent of the following prompt, just specify a list of intents:
        "what are the available slots that I can book"
    
2025-01-02 16:26:09,123.123 [Thread-2 (process_request_thread)] DEBUG:     main | Generated Response: [appointment_scheduling]

2025-01-02 16:26:09,123.123 [Thread-2 (process_request_thread)] INFO:     main | Intent: []
2025-01-02 16:26:09,156.156 [Thread-2 (process_request_thread)] INFO:     main | Engineered Prompt: 
                You are an AI receptionist that can answer queries related to appointment scheduling.
                The AI receptionist can handle the following intents:
                - checking_slot_availability
                - is_booking_slot
                - None

                Identify the intent of the following prompt, just specify a list of intents:
                "what are the available slots that I can book"
            
2025-01-02 16:26:09,799.799 [Thread-2 (process_request_thread)] DEBUG:     main | Generated Response: [checking_slot_availability]

2025-01-02 16:34:08,621.621 [Thread-6 (process_request_thread)] INFO:     main | Engineered Prompt: 
        You are an AI receptionist that can answer queries related to business information and appointment scheduling.
        The AI receptionist can handle the following intents:
        - service
        - operating_hours
        - appointment_scheduling
        - contact_information
        - None

        Identify the intent of the following prompt, just specify a list of intents:
        "My friend Dixit has a meeting at 11:00 to 13:00, and he'll be free at 12:00, so book him an appointment for that time on 2025-01-02 for house cleaning. Email addresses are dixxkhunt@gmail.com,dixit.hk74@gmail.com"
    
2025-01-02 16:34:10,622.622 [Thread-6 (process_request_thread)] DEBUG:     main | Generated Response: ["appointment_scheduling"]

2025-01-02 16:34:10,623.623 [Thread-6 (process_request_thread)] INFO:     main | Intent: []
2025-01-02 16:34:10,655.655 [Thread-6 (process_request_thread)] INFO:     main | Engineered Prompt: 
                You are an AI receptionist that can answer queries related to appointment scheduling.
                The AI receptionist can handle the following intents:
                - checking_slot_availability
                - is_booking_slot
                - None

                Identify the intent of the following prompt, just specify a list of intents:
                "My friend Dixit has a meeting at 11:00 to 13:00, and he'll be free at 12:00, so book him an appointment for that time on 2025-01-02 for house cleaning. Email addresses are dixxkhunt@gmail.com,dixit.hk74@gmail.com"
            
2025-01-02 16:34:11,492.492 [Thread-6 (process_request_thread)] DEBUG:     main | Generated Response: [is_booking_slot]

2025-01-02 16:34:12,777.777 [Thread-6 (process_request_thread)] DEBUG:     main | Extracted data: ```json
{
  "customer_name": "Dixit",
  "attendee_emails": [
    "dixxkhunt@gmail.com",
    "dixit.hk74@gmail.com"
  ],
  "service": "house cleaning",
  "start_time": "2025-01-02 12:00"
}
```

2025-01-02 16:34:12,778.778 [Thread-6 (process_request_thread)] INFO:     main | Extracted appointment information: {'customer_name': 'Dixit', 'attendee_emails': ['dixxkhunt@gmail.com', 'dixit.hk74@gmail.com'], 'service': 'house cleaning', 'start_time': '2025-01-02 12:00'}
2025-01-02 16:34:12,779.779 [Thread-6 (process_request_thread)] INFO:     main | Available slots: [{'_id': ObjectId('67746be41426e387ab7cae4a'), 'date': '2025-01-01', 'available_slots': [{'start_time': '13:00', 'end_time': '14:00', 'service': '', 'is_booked': False, 'customer_name': ''}]}]
2025-01-02 16:34:58,137.137 [Thread-12 (process_request_thread)] INFO:     main | Engineered Prompt: 
        You are an AI receptionist that can answer queries related to business information and appointment scheduling.
        The AI receptionist can handle the following intents:
        - service
        - operating_hours
        - appointment_scheduling
        - contact_information
        - None

        Identify the intent of the following prompt, just specify a list of intents:
        "My friend Dixit has a meeting at 11:00 to 13:00, and he'll be free at 12:00, so book him an appointment for that time on 2025-01-02 for house cleaning."
    
2025-01-02 16:34:58,878.878 [Thread-12 (process_request_thread)] DEBUG:     main | Generated Response: ["appointment_scheduling"]

2025-01-02 16:34:58,879.879 [Thread-12 (process_request_thread)] INFO:     main | Intent: []
2025-01-02 16:34:58,910.910 [Thread-12 (process_request_thread)] INFO:     main | Engineered Prompt: 
                You are an AI receptionist that can answer queries related to appointment scheduling.
                The AI receptionist can handle the following intents:
                - checking_slot_availability
                - is_booking_slot
                - None

                Identify the intent of the following prompt, just specify a list of intents:
                "My friend Dixit has a meeting at 11:00 to 13:00, and he'll be free at 12:00, so book him an appointment for that time on 2025-01-02 for house cleaning."
            
2025-01-02 16:35:00,041.041 [Thread-12 (process_request_thread)] DEBUG:     main | Generated Response: [is_booking_slot]

2025-01-02 16:35:01,136.136 [Thread-12 (process_request_thread)] DEBUG:     main | Extracted data: ```json
{
  "customer_name": "Dixit",
  "attendee_emails": [],
  "service": "house cleaning",
  "start_time": "2025-01-02 12:00"
}
```

2025-01-02 16:35:01,136.136 [Thread-12 (process_request_thread)] INFO:     main | Extracted appointment information: {'customer_name': 'Dixit', 'attendee_emails': [], 'service': 'house cleaning', 'start_time': '2025-01-02 12:00'}
2025-01-02 16:35:01,136.136 [Thread-12 (process_request_thread)] INFO:     main | Available slots: [{'_id': ObjectId('67746be41426e387ab7cae4a'), 'date': '2025-01-01', 'available_slots': [{'start_time': '13:00', 'end_time': '14:00', 'service': '', 'is_booked': False, 'customer_name': ''}]}]
2025-01-02 16:35:40,480.480 [   MainThread] INFO:     main | Pinged your deployment. You successfully connected to MongoDB!
2025-01-02 16:35:42,391.391 [Thread-2 (process_request_thread)] INFO:     main | Engineered Prompt: 
        You are an AI receptionist that can answer queries related to business information and appointment scheduling.
        The AI receptionist can handle the following intents:
        - service
        - operating_hours
        - appointment_scheduling
        - contact_information
        - None

        Identify the intent of the following prompt, just specify a list of intents:
        "My friend Dixit has a meeting at 11:00 to 13:00, and he'll be free at 12:00, so book him an appointment for that time on 2025-01-02 for house cleaning."
    
2025-01-02 16:35:48,335.335 [Thread-2 (process_request_thread)] DEBUG:     main | Generated Response: ['appointment_scheduling']

2025-01-02 16:35:48,335.335 [Thread-2 (process_request_thread)] INFO:     main | Intent: []
2025-01-02 16:35:48,363.363 [Thread-2 (process_request_thread)] INFO:     main | Engineered Prompt: 
                You are an AI receptionist that can answer queries related to appointment scheduling.
                The AI receptionist can handle the following intents:
                - checking_slot_availability
                - is_booking_slot
                - None

                Identify the intent of the following prompt, just specify a list of intents:
                "My friend Dixit has a meeting at 11:00 to 13:00, and he'll be free at 12:00, so book him an appointment for that time on 2025-01-02 for house cleaning."
            
2025-01-02 16:35:49,000.000 [Thread-2 (process_request_thread)] DEBUG:     main | Generated Response: [is_booking_slot]

2025-01-02 16:35:50,528.528 [Thread-2 (process_request_thread)] DEBUG:     main | Extracted data: ```json
{
  "customer_name": "Dixit",
  "attendee_emails": [],
  "service": "house cleaning",
  "start_time": "2025-01-02 12:00"
}
```

2025-01-02 16:35:50,529.529 [Thread-2 (process_request_thread)] INFO:     main | Extracted appointment information: {'customer_name': 'Dixit', 'attendee_emails': [], 'service': 'house cleaning', 'start_time': '2025-01-02 12:00'}
2025-01-02 16:46:20,490.490 [   MainThread] INFO:     main | Pinged your deployment. You successfully connected to MongoDB!
2025-01-02 16:46:21,278.278 [   MainThread] INFO:     main | Pinged your deployment. You successfully connected to MongoDB!
2025-01-02 17:10:05,731.731 [Thread-2 (process_request_thread)] INFO:     main | Engineered Prompt: 
        You are an assistant that generates MongoDB aggregation pipeline for python pymongo library to be used directly in find() method based on natural language descriptions.
        The MongoDB collection has the following structure:
        - `name`: String
        - `operating_hours`: String
        - `contact_info`: String
        - `services`: Array of objects, each with the following structure `name`: String, `description`: String, and `price`: Double.

        Convert the following natural language query into a MongoDB aggregation pipeline, do not include any additional information, comments, function calls etc, and make sure that you use double quotes, and fetch all the fields:
        "what services are available"
    
2025-01-02 17:10:12,142.142 [Thread-2 (process_request_thread)] DEBUG:     main | Generated Query: [
    {
        "$unwind": "$services"
    },
    {
        "$project": {
            "_id": 0,
            "name": 1,
            "operating_hours": 1,
            "contact_info": 1,
            "services": 1
        }
    }
]
2025-01-02 17:10:12,180.180 [Thread-2 (process_request_thread)] DEBUG:     main | Query Results: [{'name': 'google', 'services': {'name': 'cooking', 'description': 'cooking food', 'price': 56}, 'operating_hours': 'Mon-Fri 9am-5pm', 'contact_info': '8888888888'}, {'name': 'spaceo', 'services': {'name': 'IT', 'description': 'solve real world problems', 'price': 100}, 'operating_hours': '24H', 'contact_info': '777777777777'}, {'name': 'spaceo', 'services': {'name': 'cooking', 'description': 'cooking projects', 'price': 80.435}, 'operating_hours': '24H', 'contact_info': '777777777777'}]
2025-01-02 17:10:12,274.274 [Thread-2 (process_request_thread)] INFO:     main | Return response: ['google offers cooking at a price of $56. cooking food', 'spaceo offers IT at a price of $100. solve real world problems', 'spaceo offers cooking at a price of $80.435. cooking projects']
2025-01-02 17:15:09,361.361 [   MainThread] INFO:     main | Pinged your deployment. You successfully connected to MongoDB!
2025-01-02 17:18:55,627.627 [   MainThread] INFO:     main | Pinged your deployment. You successfully connected to MongoDB!
2025-01-02 17:18:56,494.494 [   MainThread] INFO:     main | Pinged your deployment. You successfully connected to MongoDB!
2025-01-02 17:19:04,990.990 [Thread-2 (process_request_thread)] INFO:     main | Engineered Prompt: 
        You are an assistant that generates MongoDB aggregation pipeline for python pymongo library to be used directly in find() method based on natural language descriptions.
        The MongoDB collection has the following structure:
        - `name`: String
        - `operating_hours`: String
        - `contact_info`: String
        - `services`: Array of objects, each with the following structure `name`: String, `description`: String, and `price`: Double.

        Convert the following natural language query into a MongoDB aggregation pipeline, do not include any additional information, comments, function calls etc, and make sure that you use double quotes, and fetch all the fields:
        "what services are available"
    
2025-01-02 17:19:11,352.352 [Thread-2 (process_request_thread)] DEBUG:     main | Generated Query: [
    {
        "$unwind": "$services"
    },
    {
        "$project": {
            "_id": 0,
            "name": 1,
            "operating_hours": 1,
            "contact_info": 1,
            "services": 1
        }
    }
]
2025-01-02 17:19:11,387.387 [Thread-2 (process_request_thread)] DEBUG:     main | Query Results: [{'name': 'google', 'services': {'name': 'cooking', 'description': 'cooking food', 'price': 56}, 'operating_hours': 'Mon-Fri 9am-5pm', 'contact_info': '8888888888'}, {'name': 'spaceo', 'services': {'name': 'IT', 'description': 'solve real world problems', 'price': 100}, 'operating_hours': '24H', 'contact_info': '777777777777'}, {'name': 'spaceo', 'services': {'name': 'cooking', 'description': 'cooking projects', 'price': 80.435}, 'operating_hours': '24H', 'contact_info': '777777777777'}]
2025-01-02 17:19:11,465.465 [Thread-2 (process_request_thread)] INFO:     main | Return response: ['google offers cooking at a price of $56. cooking food', 'spaceo offers IT at a price of $100. solve real world problems', 'spaceo offers cooking at a price of $80.435. cooking projects']
